# JRE version: OpenJDK Runtime Environment Temurin-17.0.7+7 (17.0.7+7) (build 17.0.7+7)
# Java VM: OpenJDK 64-Bit Server VM Temurin-17.0.7+7 (17.0.7+7, mixed mode, sharing, tiered, compressed oops, compressed class ptrs, g1 gc, windows-amd64)
GC Precious Log:
 CPUs: 20 total, 20 available
 Memory: 16115M
 Large Page Support: Disabled
 NUMA Support: Disabled
 Compressed Oops: Enabled (Zero based)
 Heap Region Size: 2M
 Heap Min Capacity: 512M
 Heap Initial Capacity: 512M
 Heap Max Capacity: 4072M
 Pre-touch: Disabled
 Parallel Workers: 15
 Concurrent Workers: 4
 Concurrent Refinement Workers: 15
 Periodic GC: Disabled
 String Deduplication is enabled
Heap:
 garbage-first heap   total 524288K, used 235337K [0x0000000701800000, 0x0000000800000000)
  region size 2048K, 35 young (71680K), 3 survivors (6144K)
 Metaspace       used 105403K, committed 105920K, reserved 1179648K
  class space    used 14965K, committed 15232K, reserved 1048576K
GC Heap History (20 events):
Event: 11388.225 GC heap before
{Heap before GC invocations=311 (full 10):
 garbage-first heap   total 524288K, used 238037K [0x0000000701800000, 0x0000000800000000)
  region size 2048K, 40 young (81920K), 3 survivors (6144K)
 Metaspace       used 105320K, committed 105856K, reserved 1179648K
  class space    used 14965K, committed 15232K, reserved 1048576K
}
Event: 11388.233 GC heap after
{Heap after GC invocations=312 (full 10):
 garbage-first heap   total 524288K, used 166787K [0x0000000701800000, 0x0000000800000000)
  region size 2048K, 5 young (10240K), 5 survivors (10240K)
 Metaspace       used 105320K, committed 105856K, reserved 1179648K
  class space    used 14965K, committed 15232K, reserved 1048576K
}
Event: 11393.480 GC heap before
{Heap before GC invocations=312 (full 10):
 garbage-first heap   total 524288K, used 238467K [0x0000000701800000, 0x0000000800000000)
  region size 2048K, 40 young (81920K), 5 survivors (10240K)
 Metaspace       used 105362K, committed 105856K, reserved 1179648K
  class space    used 14965K, committed 15232K, reserved 1048576K
}
Event: 11393.490 GC heap after
{Heap after GC invocations=313 (full 10):
 garbage-first heap   total 524288K, used 167745K [0x0000000701800000, 0x0000000800000000)
  region size 2048K, 1 young (2048K), 1 survivors (2048K)
 Metaspace       used 105362K, committed 105856K, reserved 1179648K
  class space    used 14965K, committed 15232K, reserved 1048576K
}
Event: 11416.507 GC heap before
{Heap before GC invocations=313 (full 10):
 garbage-first heap   total 524288K, used 247617K [0x0000000701800000, 0x0000000800000000)
  region size 2048K, 40 young (81920K), 1 survivors (2048K)
 Metaspace       used 105376K, committed 105920K, reserved 1179648K
  class space    used 14965K, committed 15232K, reserved 1048576K
}
Event: 11416.511 GC heap after
{Heap after GC invocations=314 (full 10):
 garbage-first heap   total 524288K, used 167552K [0x0000000701800000, 0x0000000800000000)
  region size 2048K, 1 young (2048K), 1 survivors (2048K)
 Metaspace       used 105376K, committed 105920K, reserved 1179648K
  class space    used 14965K, committed 15232K, reserved 1048576K
}
Event: 11472.956 GC heap before
{Heap before GC invocations=314 (full 10):
 garbage-first heap   total 524288K, used 247424K [0x0000000701800000, 0x0000000800000000)
  region size 2048K, 40 young (81920K), 1 survivors (2048K)
 Metaspace       used 105386K, committed 105920K, reserved 1179648K
  class space    used 14965K, committed 15232K, reserved 1048576K
}
Event: 11472.962 GC heap after
{Heap after GC invocations=315 (full 10):
 garbage-first heap   total 524288K, used 169193K [0x0000000701800000, 0x0000000800000000)
  region size 2048K, 2 young (4096K), 2 survivors (4096K)
 Metaspace       used 105386K, committed 105920K, reserved 1179648K
  class space    used 14965K, committed 15232K, reserved 1048576K
}
Event: 11474.049 GC heap before
{Heap before GC invocations=315 (full 10):
 garbage-first heap   total 524288K, used 247017K [0x0000000701800000, 0x0000000800000000)
  region size 2048K, 40 young (81920K), 2 survivors (4096K)
 Metaspace       used 105400K, committed 105920K, reserved 1179648K
  class space    used 14965K, committed 15232K, reserved 1048576K
}
Event: 11474.061 GC heap after
{Heap after GC invocations=316 (full 10):
 garbage-first heap   total 524288K, used 171518K [0x0000000701800000, 0x0000000800000000)
  region size 2048K, 3 young (6144K), 3 survivors (6144K)
 Metaspace       used 105400K, committed 105920K, reserved 1179648K
  class space    used 14965K, committed 15232K, reserved 1048576K
}
Event: 11582.041 GC heap before
{Heap before GC invocations=316 (full 10):
 garbage-first heap   total 524288K, used 247294K [0x0000000701800000, 0x0000000800000000)
  region size 2048K, 40 young (81920K), 3 survivors (6144K)
 Metaspace       used 105400K, committed 105920K, reserved 1179648K
  class space    used 14965K, committed 15232K, reserved 1048576K
}
Event: 11582.047 GC heap after
{Heap after GC invocations=317 (full 10):
 garbage-first heap   total 524288K, used 171806K [0x0000000701800000, 0x0000000800000000)
  region size 2048K, 3 young (6144K), 3 survivors (6144K)
 Metaspace       used 105400K, committed 105920K, reserved 1179648K
  class space    used 14965K, committed 15232K, reserved 1048576K
}
Event: 11712.073 GC heap before
{Heap before GC invocations=317 (full 10):
 garbage-first heap   total 524288K, used 247582K [0x0000000701800000, 0x0000000800000000)
  region size 2048K, 40 young (81920K), 3 survivors (6144K)
 Metaspace       used 105402K, committed 105920K, reserved 1179648K
  class space    used 14965K, committed 15232K, reserved 1048576K
}
Event: 11712.079 GC heap after
{Heap after GC invocations=318 (full 10):
 garbage-first heap   total 524288K, used 171742K [0x0000000701800000, 0x0000000800000000)
  region size 2048K, 3 young (6144K), 3 survivors (6144K)
 Metaspace       used 105402K, committed 105920K, reserved 1179648K
  class space    used 14965K, committed 15232K, reserved 1048576K
}
Event: 11844.169 GC heap before
{Heap before GC invocations=318 (full 10):
 garbage-first heap   total 524288K, used 247518K [0x0000000701800000, 0x0000000800000000)
  region size 2048K, 40 young (81920K), 3 survivors (6144K)
 Metaspace       used 105402K, committed 105920K, reserved 1179648K
  class space    used 14965K, committed 15232K, reserved 1048576K
}
Event: 11844.179 GC heap after
{Heap after GC invocations=319 (full 10):
 garbage-first heap   total 524288K, used 171779K [0x0000000701800000, 0x0000000800000000)
  region size 2048K, 3 young (6144K), 3 survivors (6144K)
 Metaspace       used 105402K, committed 105920K, reserved 1179648K
  class space    used 14965K, committed 15232K, reserved 1048576K
}
Event: 11977.984 GC heap before
{Heap before GC invocations=319 (full 10):
 garbage-first heap   total 524288K, used 247555K [0x0000000701800000, 0x0000000800000000)
  region size 2048K, 40 young (81920K), 3 survivors (6144K)
 Metaspace       used 105402K, committed 105920K, reserved 1179648K
  class space    used 14965K, committed 15232K, reserved 1048576K
}
Event: 11977.988 GC heap after
{Heap after GC invocations=320 (full 10):
 garbage-first heap   total 524288K, used 171713K [0x0000000701800000, 0x0000000800000000)
  region size 2048K, 3 young (6144K), 3 survivors (6144K)
 Metaspace       used 105402K, committed 105920K, reserved 1179648K
  class space    used 14965K, committed 15232K, reserved 1048576K
}
Event: 12110.950 GC heap before
{Heap before GC invocations=320 (full 10):
 garbage-first heap   total 524288K, used 247489K [0x0000000701800000, 0x0000000800000000)
  region size 2048K, 40 young (81920K), 3 survivors (6144K)
 Metaspace       used 105402K, committed 105920K, reserved 1179648K
  class space    used 14965K, committed 15232K, reserved 1048576K
}
Event: 12110.967 GC heap after
{Heap after GC invocations=321 (full 10):
 garbage-first heap   total 524288K, used 171849K [0x0000000701800000, 0x0000000800000000)
  region size 2048K, 3 young (6144K), 3 survivors (6144K)
 Metaspace       used 105402K, committed 105920K, reserved 1179648K
  class space    used 14965K, committed 15232K, reserved 1048576K
}

